<?xml version="1.0" encoding="UTF-8"?>
<!-- Generated by org.testng.reporters.JUnitReportReporter -->
<testsuite hostname="WIN-N79FA1EBTUJ" failures="0" tests="1" name="com.qa.automation.TestCases.Login" time="57.562" errors="0" timestamp="2022-04-07T13:36:56 IST" skipped="0">
  <testcase classname="com.qa.automation.TestCases.Login" name="loginTest" time="57.562"/>
  <system-out/>
</testsuite> <!-- com.qa.automation.TestCases.Login -->
