<?xml version="1.0" encoding="UTF-8"?>
<!-- Generated by org.testng.reporters.JUnitReportReporter -->
<testsuite hostname="WIN-N79FA1EBTUJ" failures="0" tests="1" name="com.qa.automation.Util.ExcelHandler" time="1.255" errors="0" timestamp="2022-04-07T12:35:05 IST" skipped="0">
  <testcase classname="com.qa.automation.Util.ExcelHandler" name="testData" time="1.255"/>
  <system-out/>
</testsuite> <!-- com.qa.automation.Util.ExcelHandler -->
